<?xml version="1.0" encoding="UTF-8"?>
<testng-results ignored="0" total="1" passed="1" failed="0" skipped="0">
  <reporter-output>
    <line>
      <![CDATA[openbrowser]]>
    </line>
    <line>
      <![CDATA[login]]>
    </line>
    <line>
      <![CDATA[create]]>
    </line>
    <line>
      <![CDATA[logout]]>
    </line>
    <line>
      <![CDATA[closebrowser]]>
    </line>
  </reporter-output>
  <suite started-at="2023-05-17T07:56:05 IST" name="Default suite" finished-at="2023-05-17T07:57:00 IST" duration-ms="55775">
    <groups>
    </groups>
    <test started-at="2023-05-17T07:56:05 IST" name="Default test" finished-at="2023-05-17T07:57:00 IST" duration-ms="55775">
      <class name="com.acitime.testscript.CustomerModule">
        <test-method is-config="true" signature="openBrowser()[pri:0, instance:com.acitime.testscript.CustomerModule@481a996b]" started-at="2023-05-17T07:56:05 IST" name="openBrowser" finished-at="2023-05-17T07:56:27 IST" duration-ms="21940" status="PASS">
          <reporter-output>
            <line>
              <![CDATA[openbrowser]]>
            </line>
          </reporter-output>
        </test-method> <!-- openBrowser -->
        <test-method is-config="true" signature="login()[pri:0, instance:com.acitime.testscript.CustomerModule@481a996b]" started-at="2023-05-17T07:56:27 IST" name="login" finished-at="2023-05-17T07:56:46 IST" duration-ms="19090" status="PASS">
          <reporter-output>
            <line>
              <![CDATA[login]]>
            </line>
          </reporter-output>
        </test-method> <!-- login -->
        <test-method signature="testcreateCustomer()[pri:0, instance:com.acitime.testscript.CustomerModule@481a996b]" started-at="2023-05-17T07:56:46 IST" name="testcreateCustomer" finished-at="2023-05-17T07:56:46 IST" duration-ms="9" status="PASS">
          <reporter-output>
            <line>
              <![CDATA[create]]>
            </line>
          </reporter-output>
        </test-method> <!-- testcreateCustomer -->
        <test-method is-config="true" signature="logout()[pri:0, instance:com.acitime.testscript.CustomerModule@481a996b]" started-at="2023-05-17T07:56:46 IST" name="logout" finished-at="2023-05-17T07:56:58 IST" duration-ms="12036" status="PASS">
          <reporter-output>
            <line>
              <![CDATA[logout]]>
            </line>
          </reporter-output>
        </test-method> <!-- logout -->
        <test-method is-config="true" signature="closeBrowser()[pri:0, instance:com.acitime.testscript.CustomerModule@481a996b]" started-at="2023-05-17T07:56:58 IST" name="closeBrowser" finished-at="2023-05-17T07:57:00 IST" duration-ms="2590" status="PASS">
          <reporter-output>
            <line>
              <![CDATA[closebrowser]]>
            </line>
          </reporter-output>
        </test-method> <!-- closeBrowser -->
      </class> <!-- com.acitime.testscript.CustomerModule -->
    </test> <!-- Default test -->
  </suite> <!-- Default suite -->
</testng-results>
